{"/Users/liujiahao/Desktop/project/wardrobe/src/pages/App/index.js": {"path":"/Users/liujiahao/Desktop/project/wardrobe/src/pages/App/index.js","statementMap":{"0":{"start":{"line":8,"column":4},"end":{"line":8,"column":11}},"1":{"start":{"line":11,"column":4},"end":{"line":20,"column":5}}},"fnMap":{"0":{"name":"(anonymous_0)","decl":{"start":{"line":7,"column":2},"end":{"line":7,"column":3}},"loc":{"start":{"line":7,"column":22},"end":{"line":9,"column":3}},"line":7},"1":{"name":"(anonymous_1)","decl":{"start":{"line":10,"column":2},"end":{"line":10,"column":3}},"loc":{"start":{"line":10,"column":10},"end":{"line":21,"column":3}},"line":10}},"branchMap":{},"s":{"0":1,"1":1},"f":{"0":1,"1":1},"b":{},"_coverageSchema":"43e27e138ebf9cfc5966b082cf9a028302ed4184","hash":"558396e964d0fbe5392ae6e1c874f1295a9f66b1"}
,"/Users/liujiahao/Desktop/project/wardrobe/src/utils/fetch.js": {"path":"/Users/liujiahao/Desktop/project/wardrobe/src/utils/fetch.js","statementMap":{"0":{"start":{"line":1,"column":21},"end":{"line":3,"column":2}},"1":{"start":{"line":1,"column":86},"end":{"line":1,"column":97}},"2":{"start":{"line":2,"column":6},"end":{"line":2,"column":23}}},"fnMap":{"0":{"name":"(anonymous_0)","decl":{"start":{"line":1,"column":15},"end":{"line":1,"column":16}},"loc":{"start":{"line":1,"column":21},"end":{"line":3,"column":2}},"line":1},"1":{"name":"(anonymous_1)","decl":{"start":{"line":1,"column":78},"end":{"line":1,"column":79}},"loc":{"start":{"line":1,"column":86},"end":{"line":1,"column":97}},"line":1},"2":{"name":"(anonymous_2)","decl":{"start":{"line":1,"column":104},"end":{"line":1,"column":105}},"loc":{"start":{"line":1,"column":112},"end":{"line":3,"column":1}},"line":1}},"branchMap":{},"s":{"0":1,"1":0,"2":0},"f":{"0":1,"1":0,"2":0},"b":{},"_coverageSchema":"43e27e138ebf9cfc5966b082cf9a028302ed4184","hash":"8c0731dc0950662242a3cf283b1549915a492161"}
}
